app/build/intermediates/manifest_merge_blame_file/debug/manifest-merger-blame-debug-report.txt
1<?xml version="1.0" encoding="utf-8"?>
2<manifest xmlns:android="http://schemas.android.com/apk/res/android"
3    package="com.example.uiwidgettest"
4    android:versionCode="1"
5    android:versionName="1.0" >
6
7    <uses-sdk
8        android:minSdkVersion="21"
8-->src/main/AndroidManifest.xml
9        android:targetSdkVersion="32" />
9-->src/main/AndroidManifest.xml
10
11    <application
11-->src/main/AndroidManifest.xml:6:5-37:19
12        android:allowBackup="true"
12-->src/main/AndroidManifest.xml:7:9-35
13        android:appComponentFactory="androidx.core.app.CoreComponentFactory"
13-->[androidx.core:core:1.7.0] AndroidManifest.xml:24:18-86
14        android:dataExtractionRules="@xml/data_extraction_rules"
14-->src/main/AndroidManifest.xml:8:9-65
15        android:debuggable="true"
16        android:fullBackupContent="@xml/backup_rules"
16-->src/main/AndroidManifest.xml:9:9-54
17        android:icon="@mipmap/ic_launcher"
17-->src/main/AndroidManifest.xml:10:9-43
18        android:label="@string/app_name"
18-->src/main/AndroidManifest.xml:11:9-41
19        android:roundIcon="@mipmap/ic_launcher_round"
19-->src/main/AndroidManifest.xml:12:9-54
20        android:supportsRtl="true"
20-->src/main/AndroidManifest.xml:13:9-35
21        android:testOnly="true"
22        android:theme="@style/Theme.UIWidgetTest" >
22-->src/main/AndroidManifest.xml:14:9-50
23        <activity
23-->src/main/AndroidManifest.xml:16:9-18:40
24            android:name="com.example.uiwidgettest.IncludeLayoutActivity"
24-->src/main/AndroidManifest.xml:17:13-50
25            android:exported="false" />
25-->src/main/AndroidManifest.xml:18:13-37
26        <activity
26-->src/main/AndroidManifest.xml:19:9-21:40
27            android:name="com.example.uiwidgettest.FrameLayoutActivity"
27-->src/main/AndroidManifest.xml:20:13-48
28            android:exported="false" />
28-->src/main/AndroidManifest.xml:21:13-37
29        <activity
29-->src/main/AndroidManifest.xml:22:9-24:40
30            android:name="com.example.uiwidgettest.RelativeLayoutActivity"
30-->src/main/AndroidManifest.xml:23:13-51
31            android:exported="false" />
31-->src/main/AndroidManifest.xml:24:13-37
32        <activity
32-->src/main/AndroidManifest.xml:25:9-27:40
33            android:name="com.example.uiwidgettest.LinearLayoutActivity"
33-->src/main/AndroidManifest.xml:26:13-49
34            android:exported="false" />
34-->src/main/AndroidManifest.xml:27:13-37
35        <activity
35-->src/main/AndroidManifest.xml:28:9-36:20
36            android:name="com.example.uiwidgettest.MainActivity"
36-->src/main/AndroidManifest.xml:29:13-41
37            android:exported="true" >
37-->src/main/AndroidManifest.xml:30:13-36
38            <intent-filter>
38-->src/main/AndroidManifest.xml:31:13-35:29
39                <action android:name="android.intent.action.MAIN" />
39-->src/main/AndroidManifest.xml:32:17-69
39-->src/main/AndroidManifest.xml:32:25-66
40
41                <category android:name="android.intent.category.LAUNCHER" />
41-->src/main/AndroidManifest.xml:34:17-77
41-->src/main/AndroidManifest.xml:34:27-74
42            </intent-filter>
43        </activity>
44    </application>
45
46</manifest>